2025-12-16 08:52:11 [INFO] gpw_screener: ============================================================
2025-12-16 08:52:11 [INFO] gpw_screener: GPW SCREENER - Uruchamiam modele
2025-12-16 08:52:11 [INFO] gpw_screener: ============================================================
2025-12-16 08:52:11 [INFO] gpw_screener: Znaleziono 6 aktywnych skanerów

2025-12-16 08:52:11 [INFO] gpw_screener: 📊 Cash Quality & Balance Sheet...
2025-12-16 08:52:11 [INFO] gpw_screener:    ✅ Przetworzono 16 spółek
2025-12-16 08:52:11 [INFO] gpw_screener: 📊 Quality Growth...
2025-12-16 08:52:11 [INFO] gpw_screener:    ✅ Przetworzono 37 spółek
2025-12-16 08:52:11 [INFO] gpw_screener: 📊 Quality Momentum...
2025-12-16 08:52:11 [INFO] gpw_screener:    ✅ Przetworzono 45 spółek
2025-12-16 08:52:11 [INFO] gpw_screener: 📊 Revenue Momentum & Safety...
2025-12-16 08:52:11 [INFO] gpw_screener:    ✅ Przetworzono 57 spółek
2025-12-16 08:52:11 [INFO] gpw_screener: 📊 Turnaround...
2025-12-16 08:52:11 [INFO] gpw_screener:    ✅ Przetworzono 37 spółek
2025-12-16 08:52:11 [INFO] gpw_screener: 📊 Valuation Compression...
2025-12-16 08:52:11 [INFO] gpw_screener:    ✅ Przetworzono 70 spółek
2025-12-16 08:52:11 [INFO] gpw_screener: ✅ Zapisano: C:\Users\noguriscan\skanery2\main\wyniki_2025-12-16_0852.xlsx
2025-12-16 08:52:11 [INFO] gpw_screener: ✅ Latest: C:\Users\noguriscan\skanery2\main\wyniki_latest.xlsx
2025-12-16 08:52:11 [INFO] gpw_screener: 
======================================================================
2025-12-16 08:52:11 [INFO] gpw_screener: PODSUMOWANIE - TOP 5
2025-12-16 08:52:11 [INFO] gpw_screener: ======================================================================
2025-12-16 08:52:11 [INFO] gpw_screener: 
📈 Cash Quality & Balance Sheet
2025-12-16 08:52:11 [INFO] gpw_screener: --------------------------------------------------
2025-12-16 08:52:11 [INFO] gpw_screener:     1. GEN      [C][B][Q][L]   Score: 100.0
2025-12-16 08:52:11 [INFO] gpw_screener:     2. FOR      [C][V]         Score: 96.7
2025-12-16 08:52:11 [INFO] gpw_screener:     3. MLB      [C][B][V][L]   Score: 95.4
2025-12-16 08:52:11 [INFO] gpw_screener:     4. RND      [B][L]         Score: 88.9
2025-12-16 08:52:11 [INFO] gpw_screener:     5. CLA      [B][Q][L]      Score: 84.3
2025-12-16 08:52:11 [INFO] gpw_screener: 
📈 Quality Growth
2025-12-16 08:52:11 [INFO] gpw_screener: --------------------------------------------------
2025-12-16 08:52:11 [INFO] gpw_screener:     1. MND      [Q][G][R]      Score: 100.0
2025-12-16 08:52:11 [INFO] gpw_screener:     2. BLO      [Q][G][V][R]   Score: 96.6
2025-12-16 08:52:11 [INFO] gpw_screener:     3. 7FT      [Q][G][V][R]   Score: 94.0
2025-12-16 08:52:11 [INFO] gpw_screener:     4. MLB      [G][V]         Score: 93.4
2025-12-16 08:52:11 [INFO] gpw_screener:     5. QNT      [Q][V]         Score: 91.4
2025-12-16 08:52:11 [INFO] gpw_screener: 
📈 Quality Momentum
2025-12-16 08:52:11 [INFO] gpw_screener: --------------------------------------------------
2025-12-16 08:52:11 [INFO] gpw_screener:     1. FOR      [Q][A][R][V]   Score: 100.0
2025-12-16 08:52:11 [INFO] gpw_screener:     2. IGT      [Q][M][A][R]   Score: 94.7
2025-12-16 08:52:11 [INFO] gpw_screener:     3. PCX      [Q][M][R][V]   Score: 87.7
2025-12-16 08:52:11 [INFO] gpw_screener:     4. NWG      [M][R]         Score: 81.3
2025-12-16 08:52:11 [INFO] gpw_screener:     5. APT      [Q][V]         Score: 78.5
2025-12-16 08:52:11 [INFO] gpw_screener: 
📈 Revenue Momentum & Safety
2025-12-16 08:52:11 [INFO] gpw_screener: --------------------------------------------------
2025-12-16 08:52:11 [INFO] gpw_screener:     1. ULG      [Q][S][G]      Score: 100.0
2025-12-16 08:52:11 [INFO] gpw_screener:     2. MLB      [S][G]         Score: 98.8
2025-12-16 08:52:11 [INFO] gpw_screener:     3. LSI      [S][G]         Score: 98.1
2025-12-16 08:52:11 [INFO] gpw_screener:     4. QNT      [S][G]         Score: 92.0
2025-12-16 08:52:11 [INFO] gpw_screener:     5. ATG      [G]            Score: 88.4
2025-12-16 08:52:11 [INFO] gpw_screener: 
📈 Turnaround
2025-12-16 08:52:11 [INFO] gpw_screener: --------------------------------------------------
2025-12-16 08:52:11 [INFO] gpw_screener:     1. PNT      [S]            Score: 100.0
2025-12-16 08:52:11 [INFO] gpw_screener:     2. MVP      [D][S]         Score: 91.2
2025-12-16 08:52:11 [INFO] gpw_screener:     3. INK      [S]            Score: 83.8
2025-12-16 08:52:11 [INFO] gpw_screener:     4. TPE      [S]            Score: 77.4
2025-12-16 08:52:11 [INFO] gpw_screener:     5. INP                     Score: 76.4
2025-12-16 08:52:11 [INFO] gpw_screener: 
📈 Valuation Compression
2025-12-16 08:52:11 [INFO] gpw_screener: --------------------------------------------------
2025-12-16 08:52:11 [INFO] gpw_screener:     1. VOT      [C][V][T]      Score: 100.0
2025-12-16 08:52:11 [INFO] gpw_screener:     2. QNT      [C][V][T]      Score: 97.9
2025-12-16 08:52:11 [INFO] gpw_screener:     3. ALL      [C][V][T]      Score: 97.9
2025-12-16 08:52:11 [INFO] gpw_screener:     4. MNS      [V][A][T]      Score: 95.8
2025-12-16 08:52:11 [INFO] gpw_screener:     5. S4E      [C][V][T]      Score: 95.8
2025-12-16 08:52:11 [INFO] gpw_screener: 
======================================================================
2025-12-16 08:52:11 [INFO] gpw_screener: ✅ Gotowe!
2025-12-16 08:52:11 [INFO] gpw_screener: ======================================================================

